
[2024-04-24 00:00:06] error: /api/v1/users/upload - 3299ad05-9bba-4cf7-a2d7-715ce9137c77
Cannot destructure property 'idFront' of 'undefined' as it is undefined.
TypeError: Cannot destructure property 'idFront' of 'undefined' as it is undefined.
    at UploadService.uploadID (file:///D:/coding/nodejs/e-wallet-api/src/services/upload.service.js:6:37)
    at uploadID (file:///D:/coding/nodejs/e-wallet-api/src/controllers/upload.controller.js:8:30)
    at newFn (D:\coding\nodejs\e-wallet-api\node_modules\express-async-errors\index.js:16:20)
    at Layer.handle [as handle_request] (D:\coding\nodejs\e-wallet-api\node_modules\express\lib\router\layer.js:95:5)
    at next (D:\coding\nodejs\e-wallet-api\node_modules\express\lib\router\route.js:144:13)
    at multerMiddleware (D:\coding\nodejs\e-wallet-api\node_modules\multer\lib\make-middleware.js:13:41)
    at newFn (D:\coding\nodejs\e-wallet-api\node_modules\express-async-errors\index.js:16:20)
    at Layer.handle [as handle_request] (D:\coding\nodejs\e-wallet-api\node_modules\express\lib\router\layer.js:95:5)
    at next (D:\coding\nodejs\e-wallet-api\node_modules\express\lib\router\route.js:144:13)
    at Route.dispatch (D:\coding\nodejs\e-wallet-api\node_modules\express\lib\router\route.js:114:3)

[2024-04-24 00:00:54] error: /api/v1/users/upload - 6e2ce3fb-6491-41f8-afbd-14713633532c
Cannot destructure property 'idFront' of 'undefined' as it is undefined.
TypeError: Cannot destructure property 'idFront' of 'undefined' as it is undefined.
    at UploadService.uploadID (file:///D:/coding/nodejs/e-wallet-api/src/services/upload.service.js:6:37)
    at uploadID (file:///D:/coding/nodejs/e-wallet-api/src/controllers/upload.controller.js:8:30)
    at newFn (D:\coding\nodejs\e-wallet-api\node_modules\express-async-errors\index.js:16:20)
    at Layer.handle [as handle_request] (D:\coding\nodejs\e-wallet-api\node_modules\express\lib\router\layer.js:95:5)
    at next (D:\coding\nodejs\e-wallet-api\node_modules\express\lib\router\route.js:144:13)
    at multerMiddleware (D:\coding\nodejs\e-wallet-api\node_modules\multer\lib\make-middleware.js:13:41)
    at newFn (D:\coding\nodejs\e-wallet-api\node_modules\express-async-errors\index.js:16:20)
    at Layer.handle [as handle_request] (D:\coding\nodejs\e-wallet-api\node_modules\express\lib\router\layer.js:95:5)
    at next (D:\coding\nodejs\e-wallet-api\node_modules\express\lib\router\route.js:144:13)
    at Route.dispatch (D:\coding\nodejs\e-wallet-api\node_modules\express\lib\router\route.js:114:3)

[2024-04-24 00:01:08] error: undefined - undefined
[object Object]

[2024-04-24 00:01:15] error: undefined - undefined
[object Object]

[2024-04-24 00:01:22] error: undefined - undefined
[object Object]
