
[2024-04-27 18:26:24] info: /api/v1/users/upload - 20dc1c76-ac49-4ee1-943b-238b88434f5e
Sent POST method
{}

[2024-04-27 18:26:24] error: /api/v1/users/upload - 20dc1c76-ac49-4ee1-943b-238b88434f5e
Cannot read properties of undefined (reading 'headers')
TypeError: Cannot read properties of undefined (reading 'headers')
    at hasbody (D:\coding\nodejs\e-wallet-api\node_modules\type-is\index.js:93:14)
    at typeofrequest (D:\coding\nodejs\e-wallet-api\node_modules\type-is\index.js:127:8)
    at multerMiddleware (D:\coding\nodejs\e-wallet-api\node_modules\multer\lib\make-middleware.js:13:10)
    at handleMulterUploader (file:///D:/coding/nodejs/e-wallet-api/src/middlewares/uploader.js:8:5)
    at newFn (D:\coding\nodejs\e-wallet-api\node_modules\express-async-errors\index.js:16:20)
    at Layer.handle [as handle_request] (D:\coding\nodejs\e-wallet-api\node_modules\express\lib\router\layer.js:95:5)
    at next (D:\coding\nodejs\e-wallet-api\node_modules\express\lib\router\route.js:144:13)
    at Route.dispatch (D:\coding\nodejs\e-wallet-api\node_modules\express\lib\router\route.js:114:3)
    at newFn (D:\coding\nodejs\e-wallet-api\node_modules\express-async-errors\index.js:16:20)
    at Layer.handle [as handle_request] (D:\coding\nodejs\e-wallet-api\node_modules\express\lib\router\layer.js:95:5)

[2024-04-27 18:27:11] info: /api/v1/users/upload - 46b369c4-4dd4-4272-adf1-0a83cdacc0df
Sent POST method
{}

[2024-04-27 18:27:11] error: undefined - undefined
[object Object]

[2024-04-27 18:34:23] info: /api/v1/users/upload - ce0fb239-118f-4dc9-8be6-ff5aa6871356
Sent POST method
{}

[2024-04-27 18:44:51] info: /api/v1/users/upload - c105d2e1-774f-42af-b26b-15171224d962
Sent POST method
{}
