
[2024-04-24 00:00:06] info: /api/v1/users/upload - 3299ad05-9bba-4cf7-a2d7-715ce9137c77
Sent POST method
{}

[2024-04-24 00:00:06] error: /api/v1/users/upload - 3299ad05-9bba-4cf7-a2d7-715ce9137c77
Cannot destructure property 'idFront' of 'undefined' as it is undefined.
TypeError: Cannot destructure property 'idFront' of 'undefined' as it is undefined.
    at UploadService.uploadID (file:///D:/coding/nodejs/e-wallet-api/src/services/upload.service.js:6:37)
    at uploadID (file:///D:/coding/nodejs/e-wallet-api/src/controllers/upload.controller.js:8:30)
    at newFn (D:\coding\nodejs\e-wallet-api\node_modules\express-async-errors\index.js:16:20)
    at Layer.handle [as handle_request] (D:\coding\nodejs\e-wallet-api\node_modules\express\lib\router\layer.js:95:5)
    at next (D:\coding\nodejs\e-wallet-api\node_modules\express\lib\router\route.js:144:13)
    at multerMiddleware (D:\coding\nodejs\e-wallet-api\node_modules\multer\lib\make-middleware.js:13:41)
    at newFn (D:\coding\nodejs\e-wallet-api\node_modules\express-async-errors\index.js:16:20)
    at Layer.handle [as handle_request] (D:\coding\nodejs\e-wallet-api\node_modules\express\lib\router\layer.js:95:5)
    at next (D:\coding\nodejs\e-wallet-api\node_modules\express\lib\router\route.js:144:13)
    at Route.dispatch (D:\coding\nodejs\e-wallet-api\node_modules\express\lib\router\route.js:114:3)

[2024-04-24 00:00:54] info: /api/v1/users/upload - 6e2ce3fb-6491-41f8-afbd-14713633532c
Sent POST method
{}

[2024-04-24 00:00:54] error: /api/v1/users/upload - 6e2ce3fb-6491-41f8-afbd-14713633532c
Cannot destructure property 'idFront' of 'undefined' as it is undefined.
TypeError: Cannot destructure property 'idFront' of 'undefined' as it is undefined.
    at UploadService.uploadID (file:///D:/coding/nodejs/e-wallet-api/src/services/upload.service.js:6:37)
    at uploadID (file:///D:/coding/nodejs/e-wallet-api/src/controllers/upload.controller.js:8:30)
    at newFn (D:\coding\nodejs\e-wallet-api\node_modules\express-async-errors\index.js:16:20)
    at Layer.handle [as handle_request] (D:\coding\nodejs\e-wallet-api\node_modules\express\lib\router\layer.js:95:5)
    at next (D:\coding\nodejs\e-wallet-api\node_modules\express\lib\router\route.js:144:13)
    at multerMiddleware (D:\coding\nodejs\e-wallet-api\node_modules\multer\lib\make-middleware.js:13:41)
    at newFn (D:\coding\nodejs\e-wallet-api\node_modules\express-async-errors\index.js:16:20)
    at Layer.handle [as handle_request] (D:\coding\nodejs\e-wallet-api\node_modules\express\lib\router\layer.js:95:5)
    at next (D:\coding\nodejs\e-wallet-api\node_modules\express\lib\router\route.js:144:13)
    at Route.dispatch (D:\coding\nodejs\e-wallet-api\node_modules\express\lib\router\route.js:114:3)

[2024-04-24 00:01:08] info: /api/v1/users/upload - 2f10a3ab-df74-453e-9d01-a51fbf79c434
Sent POST method
{}

[2024-04-24 00:01:08] error: undefined - undefined
[object Object]

[2024-04-24 00:01:15] info: /api/v1/users/upload - 5e85cddf-f08e-469b-bea2-051e274b0042
Sent POST method
{}

[2024-04-24 00:01:15] error: undefined - undefined
[object Object]

[2024-04-24 00:01:22] info: /api/v1/users/upload - 708abb97-f483-4ef5-bfa2-e6b5da442281
Sent POST method
{}

[2024-04-24 00:01:22] error: undefined - undefined
[object Object]

[2024-04-24 00:01:45] info: /api/v1/users/upload - f159be85-0930-4003-a063-d037aada415a
Sent POST method
{}

[2024-04-24 00:02:23] info: /api/v1/auth/logout - 74c5ede1-f951-45cf-ad7b-e81aa8bd6b29
Sent POST method
{}

[2024-04-24 00:02:29] info: /api/v1/auth/login - 4b285ca2-94a8-45c3-9b41-f149962d1719
Sent POST method
{"email":"yoruisbaam2@gmail.com","password":"123456"}

[2024-04-24 00:02:32] info: /api/v1/users/upload - 561bda34-4616-4173-ba8a-e269cc068ee9
Sent POST method
{}

[2024-04-24 00:04:00] info: /api/v1/auth/logout - 0e7d29b8-a3fc-4e5e-97fb-3a45fbc06c88
Sent POST method
{}

[2024-04-24 00:04:07] info: /api/v1/auth/login - 73d47970-9d29-413e-9c7f-63d4ebaca9ee
Sent POST method
{"email":"administrator@gmail.com","password":"123456"}

[2024-04-24 00:04:32] info: /api/v1/accounts/66225ffc24706c4cac71494c/activate - e6c14a1f-9ca3-4634-8b8d-6ce74c963679
Sent PATCH method
{}

[2024-04-24 00:05:35] info: /api/v1/auth/logout - e0b7f1c1-220d-49fb-b96a-fafa01be250d
Sent POST method
{}

[2024-04-24 00:05:38] info: /api/v1/auth/login - 95bd7586-c095-4640-b15e-b3dc83dd29a6
Sent POST method
{"email":"yoruisbaam2@gmail.com","password":"123456"}

[2024-04-24 00:08:35] info: /api/v1/auth/logout - 012319da-9ed1-4af5-8ec3-6a755bc83b73
Sent POST method
{}

[2024-04-24 00:08:40] info: /api/v1/auth/login - ce8131ab-b562-4d0a-8183-f452357e7e07
Sent POST method
{"email":"administrator@gmail.com","password":"123456"}

[2024-04-24 00:08:45] info: /api/v1/accounts/6627e70be939b59c24ffffdd/activate - cdb852e4-e84c-42b7-840c-fb77f6b890ac
Sent PATCH method
{}

[2024-04-24 00:09:41] info: /api/v1/auth/logout - d3677563-1e27-46be-9fb8-b0ff811a0489
Sent POST method
{}

[2024-04-24 00:09:46] info: /api/v1/auth/login - 039cfde1-57d3-4a32-a054-040c1b32fc3d
Sent POST method
{"email":"yoruisbaam2@gmail.com","password":"123456"}

[2024-04-24 00:09:57] info: /api/v1/users/upload - cfe24faf-27c2-435a-88a0-2ee1712079a1
Sent POST method
{}

[2024-04-24 00:10:46] info: /api/v1/auth/logout - eb84f1ae-8955-4507-b96b-d6e84edc2c6a
Sent POST method
{}

[2024-04-24 00:10:48] info: /api/v1/auth/login - 14ded411-d454-40cd-8caf-cabf6b509ad1
Sent POST method
{"email":"administrator@gmail.com","password":"123456"}

[2024-04-24 00:11:01] info: /api/v1/accounts/66225ffc24706c4cac71494c/activate - 4b06bbc8-97df-47af-bd3f-dbbae31dacce
Sent PATCH method
{}
